build/app/intermediates/manifest_merge_blame_file/debug/manifest-merger-blame-debug-report.txt
1<?xml version="1.0" encoding="utf-8"?>
2<manifest xmlns:android="http://schemas.android.com/apk/res/android"
3    package="com.example.projecthack"
4    android:versionCode="1"
5    android:versionName="1.0.0" >
6
7    <uses-sdk
8        android:minSdkVersion="19"
9        android:targetSdkVersion="33" />
10    <!--
11         The INTERNET permission is required for development. Specifically,
12         the Flutter tool needs it to communicate with the running application
13         to allow setting breakpoints, to provide hot reload, etc.
14    -->
15    <uses-permission android:name="android.permission.INTERNET" />
15-->src\debug\AndroidManifest.xml:6:5-66
15-->src\debug\AndroidManifest.xml:6:22-64
16    <uses-permission android:name="android.permission.ACCESS_NETWORK_STATE" />
16-->[com.google.firebase:firebase-auth:22.3.1] AndroidManifest.xml:26:5-79
16-->[com.google.firebase:firebase-auth:22.3.1] AndroidManifest.xml:26:22-76
17    <uses-permission android:name="com.google.android.providers.gsf.permission.READ_GSERVICES" />
17-->[com.google.android.recaptcha:recaptcha:18.4.0] AndroidManifest.xml:9:5-98
17-->[com.google.android.recaptcha:recaptcha:18.4.0] AndroidManifest.xml:9:22-95
18
19    <application
20        android:name="android.app.Application"
21        android:appComponentFactory="androidx.core.app.CoreComponentFactory"
21-->[androidx.core:core:1.6.0] AndroidManifest.xml:24:18-86
22        android:debuggable="true"
23        android:icon="@mipmap/ic_launcher"
24        android:label="projecthack" >
25        <activity
26            android:name="com.example.projecthack.MainActivity"
27            android:configChanges="orientation|keyboardHidden|keyboard|screenSize|smallestScreenSize|locale|layoutDirection|fontScale|screenLayout|density|uiMode"
28            android:exported="true"
29            android:hardwareAccelerated="true"
30            android:launchMode="singleTop"
31            android:theme="@style/LaunchTheme"
32            android:windowSoftInputMode="adjustResize" >
33
34            <!--
35                 Specifies an Android theme to apply to this Activity as soon as
36                 the Android process has started. This theme is visible to the user
37                 while the Flutter UI initializes. After that, this theme continues
38                 to determine the Window background behind the Flutter UI.
39            -->
40            <meta-data
41                android:name="io.flutter.embedding.android.NormalTheme"
42                android:resource="@style/NormalTheme" />
43
44            <intent-filter>
45                <action android:name="android.intent.action.MAIN" />
46
47                <category android:name="android.intent.category.LAUNCHER" />
48            </intent-filter>
49        </activity>
50        <!--
51             Don't delete the meta-data below.
52             This is used by the Flutter tool to generate GeneratedPluginRegistrant.java
53        -->
54        <meta-data
55            android:name="flutterEmbedding"
56            android:value="2" />
57
58        <service
58-->[:firebase_auth] AndroidManifest.xml:10:9-14:19
59            android:name="com.google.firebase.components.ComponentDiscoveryService"
59-->[:firebase_auth] AndroidManifest.xml:10:18-89
60            android:directBootAware="true"
60-->[com.google.firebase:firebase-common:20.4.2] AndroidManifest.xml:32:13-43
61            android:exported="false" >
61-->[com.google.firebase:firebase-auth:22.3.1] AndroidManifest.xml:68:13-37
62            <meta-data
62-->[:firebase_auth] AndroidManifest.xml:11:13-13:85
63                android:name="com.google.firebase.components:io.flutter.plugins.firebase.auth.FlutterFirebaseAuthRegistrar"
63-->[:firebase_auth] AndroidManifest.xml:12:17-124
64                android:value="com.google.firebase.components.ComponentRegistrar" />
64-->[:firebase_auth] AndroidManifest.xml:13:17-82
65            <meta-data
65-->[:firebase_database] AndroidManifest.xml:11:13-13:85
66                android:name="com.google.firebase.components:io.flutter.plugins.firebase.database.FlutterFirebaseAppRegistrar"
66-->[:firebase_database] AndroidManifest.xml:12:17-127
67                android:value="com.google.firebase.components.ComponentRegistrar" />
67-->[:firebase_database] AndroidManifest.xml:13:17-82
68            <meta-data
68-->[:firebase_storage] AndroidManifest.xml:11:13-13:85
69                android:name="com.google.firebase.components:io.flutter.plugins.firebase.storage.FlutterFirebaseAppRegistrar"
69-->[:firebase_storage] AndroidManifest.xml:12:17-126
70                android:value="com.google.firebase.components.ComponentRegistrar" />
70-->[:firebase_storage] AndroidManifest.xml:13:17-82
71            <meta-data
71-->[:cloud_firestore] AndroidManifest.xml:11:13-13:85
72                android:name="com.google.firebase.components:io.flutter.plugins.firebase.firestore.FlutterFirebaseFirestoreRegistrar"
72-->[:cloud_firestore] AndroidManifest.xml:12:17-134
73                android:value="com.google.firebase.components.ComponentRegistrar" />
73-->[:cloud_firestore] AndroidManifest.xml:13:17-82
74            <meta-data
74-->[:firebase_core] AndroidManifest.xml:11:13-13:85
75                android:name="com.google.firebase.components:io.flutter.plugins.firebase.core.FlutterFirebaseCoreRegistrar"
75-->[:firebase_core] AndroidManifest.xml:12:17-124
76                android:value="com.google.firebase.components.ComponentRegistrar" />
76-->[:firebase_core] AndroidManifest.xml:13:17-82
77            <meta-data
77-->[com.google.firebase:firebase-auth:22.3.1] AndroidManifest.xml:69:13-71:85
78                android:name="com.google.firebase.components:com.google.firebase.auth.FirebaseAuthRegistrar"
78-->[com.google.firebase:firebase-auth:22.3.1] AndroidManifest.xml:70:17-109
79                android:value="com.google.firebase.components.ComponentRegistrar" />
79-->[com.google.firebase:firebase-auth:22.3.1] AndroidManifest.xml:71:17-82
80            <meta-data
80-->[com.google.firebase:firebase-database:20.3.0] AndroidManifest.xml:29:13-31:85
81                android:name="com.google.firebase.components:com.google.firebase.database.FirebaseDatabaseKtxRegistrar"
81-->[com.google.firebase:firebase-database:20.3.0] AndroidManifest.xml:30:17-120
82                android:value="com.google.firebase.components.ComponentRegistrar" />
82-->[com.google.firebase:firebase-database:20.3.0] AndroidManifest.xml:31:17-82
83            <meta-data
83-->[com.google.firebase:firebase-database:20.3.0] AndroidManifest.xml:32:13-34:85
84                android:name="com.google.firebase.components:com.google.firebase.database.DatabaseRegistrar"
84-->[com.google.firebase:firebase-database:20.3.0] AndroidManifest.xml:33:17-109
85                android:value="com.google.firebase.components.ComponentRegistrar" />
85-->[com.google.firebase:firebase-database:20.3.0] AndroidManifest.xml:34:17-82
86            <meta-data
86-->[com.google.firebase:firebase-storage:20.3.0] AndroidManifest.xml:30:13-32:85
87                android:name="com.google.firebase.components:com.google.firebase.storage.FirebaseStorageKtxRegistrar"
87-->[com.google.firebase:firebase-storage:20.3.0] AndroidManifest.xml:31:17-118
88                android:value="com.google.firebase.components.ComponentRegistrar" />
88-->[com.google.firebase:firebase-storage:20.3.0] AndroidManifest.xml:32:17-82
89            <meta-data
89-->[com.google.firebase:firebase-storage:20.3.0] AndroidManifest.xml:33:13-35:85
90                android:name="com.google.firebase.components:com.google.firebase.storage.StorageRegistrar"
90-->[com.google.firebase:firebase-storage:20.3.0] AndroidManifest.xml:34:17-107
91                android:value="com.google.firebase.components.ComponentRegistrar" />
91-->[com.google.firebase:firebase-storage:20.3.0] AndroidManifest.xml:35:17-82
92            <meta-data
92-->[com.google.firebase:firebase-firestore:24.10.2] AndroidManifest.xml:17:13-19:85
93                android:name="com.google.firebase.components:com.google.firebase.firestore.FirebaseFirestoreKtxRegistrar"
93-->[com.google.firebase:firebase-firestore:24.10.2] AndroidManifest.xml:18:17-122
94                android:value="com.google.firebase.components.ComponentRegistrar" />
94-->[com.google.firebase:firebase-firestore:24.10.2] AndroidManifest.xml:19:17-82
95            <meta-data
95-->[com.google.firebase:firebase-firestore:24.10.2] AndroidManifest.xml:20:13-22:85
96                android:name="com.google.firebase.components:com.google.firebase.firestore.FirestoreRegistrar"
96-->[com.google.firebase:firebase-firestore:24.10.2] AndroidManifest.xml:21:17-111
97                android:value="com.google.firebase.components.ComponentRegistrar" />
97-->[com.google.firebase:firebase-firestore:24.10.2] AndroidManifest.xml:22:17-82
98            <meta-data
98-->[com.google.firebase:firebase-appcheck:17.1.2] AndroidManifest.xml:25:13-27:85
99                android:name="com.google.firebase.components:com.google.firebase.appcheck.FirebaseAppCheckKtxRegistrar"
99-->[com.google.firebase:firebase-appcheck:17.1.2] AndroidManifest.xml:26:17-120
100                android:value="com.google.firebase.components.ComponentRegistrar" />
100-->[com.google.firebase:firebase-appcheck:17.1.2] AndroidManifest.xml:27:17-82
101            <meta-data
101-->[com.google.firebase:firebase-appcheck:17.1.2] AndroidManifest.xml:28:13-30:85
102                android:name="com.google.firebase.components:com.google.firebase.appcheck.FirebaseAppCheckRegistrar"
102-->[com.google.firebase:firebase-appcheck:17.1.2] AndroidManifest.xml:29:17-117
103                android:value="com.google.firebase.components.ComponentRegistrar" />
103-->[com.google.firebase:firebase-appcheck:17.1.2] AndroidManifest.xml:30:17-82
104            <meta-data
104-->[com.google.firebase:firebase-common-ktx:20.4.2] AndroidManifest.xml:12:13-14:85
105                android:name="com.google.firebase.components:com.google.firebase.ktx.FirebaseCommonLegacyRegistrar"
105-->[com.google.firebase:firebase-common-ktx:20.4.2] AndroidManifest.xml:13:17-116
106                android:value="com.google.firebase.components.ComponentRegistrar" />
106-->[com.google.firebase:firebase-common-ktx:20.4.2] AndroidManifest.xml:14:17-82
107            <meta-data
107-->[com.google.firebase:firebase-common:20.4.2] AndroidManifest.xml:35:13-37:85
108                android:name="com.google.firebase.components:com.google.firebase.FirebaseCommonKtxRegistrar"
108-->[com.google.firebase:firebase-common:20.4.2] AndroidManifest.xml:36:17-109
109                android:value="com.google.firebase.components.ComponentRegistrar" />
109-->[com.google.firebase:firebase-common:20.4.2] AndroidManifest.xml:37:17-82
110        </service>
111
112        <activity
112-->[com.google.firebase:firebase-auth:22.3.1] AndroidManifest.xml:29:9-46:20
113            android:name="com.google.firebase.auth.internal.GenericIdpActivity"
113-->[com.google.firebase:firebase-auth:22.3.1] AndroidManifest.xml:30:13-80
114            android:excludeFromRecents="true"
114-->[com.google.firebase:firebase-auth:22.3.1] AndroidManifest.xml:31:13-46
115            android:exported="true"
115-->[com.google.firebase:firebase-auth:22.3.1] AndroidManifest.xml:32:13-36
116            android:launchMode="singleTask"
116-->[com.google.firebase:firebase-auth:22.3.1] AndroidManifest.xml:33:13-44
117            android:theme="@android:style/Theme.Translucent.NoTitleBar" >
117-->[com.google.firebase:firebase-auth:22.3.1] AndroidManifest.xml:34:13-72
118            <intent-filter>
118-->[com.google.firebase:firebase-auth:22.3.1] AndroidManifest.xml:35:13-45:29
119                <action android:name="android.intent.action.VIEW" />
119-->[com.google.firebase:firebase-auth:22.3.1] AndroidManifest.xml:36:17-69
119-->[com.google.firebase:firebase-auth:22.3.1] AndroidManifest.xml:36:25-66
120
121                <category android:name="android.intent.category.DEFAULT" />
121-->[com.google.firebase:firebase-auth:22.3.1] AndroidManifest.xml:38:17-76
121-->[com.google.firebase:firebase-auth:22.3.1] AndroidManifest.xml:38:27-73
122                <category android:name="android.intent.category.BROWSABLE" />
122-->[com.google.firebase:firebase-auth:22.3.1] AndroidManifest.xml:39:17-78
122-->[com.google.firebase:firebase-auth:22.3.1] AndroidManifest.xml:39:27-75
123
124                <data
124-->[com.google.firebase:firebase-auth:22.3.1] AndroidManifest.xml:41:17-44:51
125                    android:host="firebase.auth"
125-->[com.google.firebase:firebase-auth:22.3.1] AndroidManifest.xml:42:21-49
126                    android:path="/"
126-->[com.google.firebase:firebase-auth:22.3.1] AndroidManifest.xml:43:21-37
127                    android:scheme="genericidp" />
127-->[com.google.firebase:firebase-auth:22.3.1] AndroidManifest.xml:44:21-48
128            </intent-filter>
129        </activity>
130        <activity
130-->[com.google.firebase:firebase-auth:22.3.1] AndroidManifest.xml:47:9-64:20
131            android:name="com.google.firebase.auth.internal.RecaptchaActivity"
131-->[com.google.firebase:firebase-auth:22.3.1] AndroidManifest.xml:48:13-79
132            android:excludeFromRecents="true"
132-->[com.google.firebase:firebase-auth:22.3.1] AndroidManifest.xml:49:13-46
133            android:exported="true"
133-->[com.google.firebase:firebase-auth:22.3.1] AndroidManifest.xml:50:13-36
134            android:launchMode="singleTask"
134-->[com.google.firebase:firebase-auth:22.3.1] AndroidManifest.xml:51:13-44
135            android:theme="@android:style/Theme.Translucent.NoTitleBar" >
135-->[com.google.firebase:firebase-auth:22.3.1] AndroidManifest.xml:52:13-72
136            <intent-filter>
136-->[com.google.firebase:firebase-auth:22.3.1] AndroidManifest.xml:53:13-63:29
137                <action android:name="android.intent.action.VIEW" />
137-->[com.google.firebase:firebase-auth:22.3.1] AndroidManifest.xml:36:17-69
137-->[com.google.firebase:firebase-auth:22.3.1] AndroidManifest.xml:36:25-66
138
139                <category android:name="android.intent.category.DEFAULT" />
139-->[com.google.firebase:firebase-auth:22.3.1] AndroidManifest.xml:38:17-76
139-->[com.google.firebase:firebase-auth:22.3.1] AndroidManifest.xml:38:27-73
140                <category android:name="android.intent.category.BROWSABLE" />
140-->[com.google.firebase:firebase-auth:22.3.1] AndroidManifest.xml:39:17-78
140-->[com.google.firebase:firebase-auth:22.3.1] AndroidManifest.xml:39:27-75
141
142                <data
142-->[com.google.firebase:firebase-auth:22.3.1] AndroidManifest.xml:41:17-44:51
143                    android:host="firebase.auth"
143-->[com.google.firebase:firebase-auth:22.3.1] AndroidManifest.xml:42:21-49
144                    android:path="/"
144-->[com.google.firebase:firebase-auth:22.3.1] AndroidManifest.xml:43:21-37
145                    android:scheme="recaptcha" />
145-->[com.google.firebase:firebase-auth:22.3.1] AndroidManifest.xml:44:21-48
146            </intent-filter>
147        </activity>
148
149        <provider
149-->[com.google.firebase:firebase-common:20.4.2] AndroidManifest.xml:23:9-28:39
150            android:name="com.google.firebase.provider.FirebaseInitProvider"
150-->[com.google.firebase:firebase-common:20.4.2] AndroidManifest.xml:24:13-77
151            android:authorities="com.example.projecthack.firebaseinitprovider"
151-->[com.google.firebase:firebase-common:20.4.2] AndroidManifest.xml:25:13-72
152            android:directBootAware="true"
152-->[com.google.firebase:firebase-common:20.4.2] AndroidManifest.xml:26:13-43
153            android:exported="false"
153-->[com.google.firebase:firebase-common:20.4.2] AndroidManifest.xml:27:13-37
154            android:initOrder="100" />
154-->[com.google.firebase:firebase-common:20.4.2] AndroidManifest.xml:28:13-36
155
156        <activity
156-->[com.google.android.gms:play-services-auth:20.7.0] AndroidManifest.xml:23:9-27:75
157            android:name="com.google.android.gms.auth.api.signin.internal.SignInHubActivity"
157-->[com.google.android.gms:play-services-auth:20.7.0] AndroidManifest.xml:24:13-93
158            android:excludeFromRecents="true"
158-->[com.google.android.gms:play-services-auth:20.7.0] AndroidManifest.xml:25:13-46
159            android:exported="false"
159-->[com.google.android.gms:play-services-auth:20.7.0] AndroidManifest.xml:26:13-37
160            android:theme="@android:style/Theme.Translucent.NoTitleBar" />
160-->[com.google.android.gms:play-services-auth:20.7.0] AndroidManifest.xml:27:13-72
161        <!--
162            Service handling Google Sign-In user revocation. For apps that do not integrate with
163            Google Sign-In, this service will never be started.
164        -->
165        <service
165-->[com.google.android.gms:play-services-auth:20.7.0] AndroidManifest.xml:33:9-37:51
166            android:name="com.google.android.gms.auth.api.signin.RevocationBoundService"
166-->[com.google.android.gms:play-services-auth:20.7.0] AndroidManifest.xml:34:13-89
167            android:exported="true"
167-->[com.google.android.gms:play-services-auth:20.7.0] AndroidManifest.xml:35:13-36
168            android:permission="com.google.android.gms.auth.api.signin.permission.REVOCATION_NOTIFICATION"
168-->[com.google.android.gms:play-services-auth:20.7.0] AndroidManifest.xml:36:13-107
169            android:visibleToInstantApps="true" />
169-->[com.google.android.gms:play-services-auth:20.7.0] AndroidManifest.xml:37:13-48
170
171        <activity
171-->[com.google.android.gms:play-services-base:18.1.0] AndroidManifest.xml:20:9-22:45
172            android:name="com.google.android.gms.common.api.GoogleApiActivity"
172-->[com.google.android.gms:play-services-base:18.1.0] AndroidManifest.xml:20:19-85
173            android:exported="false"
173-->[com.google.android.gms:play-services-base:18.1.0] AndroidManifest.xml:22:19-43
174            android:theme="@android:style/Theme.Translucent.NoTitleBar" />
174-->[com.google.android.gms:play-services-base:18.1.0] AndroidManifest.xml:21:19-78
175
176        <uses-library
176-->[androidx.window:window:1.0.0-beta04] AndroidManifest.xml:25:9-27:40
177            android:name="androidx.window.extensions"
177-->[androidx.window:window:1.0.0-beta04] AndroidManifest.xml:26:13-54
178            android:required="false" />
178-->[androidx.window:window:1.0.0-beta04] AndroidManifest.xml:27:13-37
179        <uses-library
179-->[androidx.window:window:1.0.0-beta04] AndroidManifest.xml:28:9-30:40
180            android:name="androidx.window.sidecar"
180-->[androidx.window:window:1.0.0-beta04] AndroidManifest.xml:29:13-51
181            android:required="false" />
181-->[androidx.window:window:1.0.0-beta04] AndroidManifest.xml:30:13-37
182
183        <meta-data
183-->[com.google.android.gms:play-services-basement:18.3.0] AndroidManifest.xml:21:9-23:69
184            android:name="com.google.android.gms.version"
184-->[com.google.android.gms:play-services-basement:18.3.0] AndroidManifest.xml:22:13-58
185            android:value="@integer/google_play_services_version" />
185-->[com.google.android.gms:play-services-basement:18.3.0] AndroidManifest.xml:23:13-66
186    </application>
187
188</manifest>